<?xml version="1.0" encoding="UTF-8"?>
<!-- Generated by org.testng.reporters.JUnitXMLReporter -->
<testsuite ignored="0" hostname="PRATHAMs-MacBook-Air.local" failures="0" tests="11" name="TestNg Framework" time="27.017" errors="0" timestamp="2024-03-10T17:59:04 IST">
  <testcase classname="com.testNg.testcases.RegisterTest" name="verifyRegisteringAccountWithMandatoryFeilds" time="0.789"/>
  <testcase classname="com.testNg.testcases.RegisterTest" name="verifyRegisteringAccountWithoutFillingAnyDetails" time="0.338"/>
  <testcase classname="com.testNg.testcases.LoginTest" name="verifyLoginWithValidCredentials" time="0.697"/>
  <testcase classname="com.testNg.testcases.LoginTest" name="verifyLoginWithValidCredentials" time="0.639"/>
  <testcase classname="com.testNg.testcases.LoginTest" name="verifyLoginWithValidCredentials" time="0.65"/>
  <testcase classname="com.testNg.testcases.LoginTest" name="verifyLoginWithValidCredentials" time="0.684"/>
  <testcase classname="com.testNg.testcases.LoginTest" name="verifyLoginWithInValidCredentials" time="0.442"/>
  <testcase classname="com.testNg.testcases.LoginTest" name="verifyLoginWithInValidCredentials" time="0.579"/>
  <testcase classname="com.testNg.testcases.SearchTest" name="verifySearchWithValidProduct" time="0.69"/>
  <testcase classname="com.testNg.testcases.SearchTest" name="verifySearchWithInvalidProduct" time="0.311"/>
  <testcase classname="com.testNg.testcases.SearchTest" name="verifySearchWithoutAnyProduct" time="0.271"/>
</testsuite> <!-- TestNg Framework -->
