<?xml version="1.0" encoding="UTF-8"?>
<!-- Generated by org.testng.reporters.JUnitXMLReporter -->
<testsuite ignored="1" hostname="PRATHAMs-MacBook-Air.local" failures="0" tests="4" name="Default test" time="7.461" errors="0" timestamp="2024-03-14T03:08:41 IST">
  <testcase classname="com.test.testcases.LoginTest" name="contactFormDataProvider" time="0.229"/>
  <testcase classname="com.test.testcases.LoginTest" name="contactFormDataProvider" time="0.204"/>
  <testcase classname="com.test.testcases.LoginTest" name="contactFormDataProvider" time="0.211"/>
  <testcase classname="com.test.testcases.LoginTest" name="contactFormDataProvider" time="0.209"/>
  <testcase classname="com.test.testcases.LoginTest" name="verifyLoginWithInValidCredentials" time="0.0">
    <ignored/>
  </testcase> <!-- verifyLoginWithInValidCredentials -->
</testsuite> <!-- Default test -->
