<?xml version="1.0" encoding="UTF-8"?>
<!-- Generated by org.testng.reporters.JUnitXMLReporter -->
<testsuite ignored="0" hostname="PRATHAMs-MacBook-Air.local" failures="0" tests="3" name="Default test" time="6.452" errors="0" timestamp="2024-03-10T13:47:25 IST">
  <testcase classname="com.testNg.testcases.SearchTest" name="verifySearchWithValidProduct" time="0.326"/>
  <testcase classname="com.testNg.testcases.SearchTest" name="verifySearchWithInvalidProduct" time="0.217"/>
  <testcase classname="com.testNg.testcases.SearchTest" name="verifySearchWithoutAnyProduct" time="0.183"/>
</testsuite> <!-- Default test -->
