<?xml version="1.0" encoding="UTF-8"?>
<!-- Generated by org.testng.reporters.JUnitXMLReporter -->
<testsuite ignored="0" hostname="PRATHAMs-MacBook-Air.local" failures="0" tests="7" name="Test" time="16.318" errors="0" timestamp="2024-03-08T23:11:15 IST">
  <testcase classname="com.testNg.testcases.RegisterPage" name="verifyRegisteringAccountWithMandatoryFeilds" time="0.962"/>
  <testcase classname="com.testNg.testcases.RegisterPage" name="verifyRegisteringAccountWithoutFillingAnyDetails" time="0.514"/>
  <testcase classname="com.testNg.testcases.LoginPage" name="verifyLoginWithValidCredentials" time="0.682"/>
  <testcase classname="com.testNg.testcases.LoginPage" name="verifyLoginWithInValidCredentials" time="0.771"/>
  <testcase classname="com.testNg.testcases.SearchPage" name="verifySearchWithValidProduct" time="0.51"/>
  <testcase classname="com.testNg.testcases.SearchPage" name="verifySearchWithInvalidProduct" time="0.714"/>
  <testcase classname="com.testNg.testcases.SearchPage" name="verifySearchWithoutAnyProduct" time="0.205"/>
</testsuite> <!-- Test -->
