<?xml version="1.0" encoding="UTF-8"?>
<testng-results ignored="0" total="11" passed="11" failed="0" skipped="0">
  <reporter-output>
  </reporter-output>
  <suite started-at="2024-03-10T17:58:37 IST" name="Hybrid TestNGFramework" finished-at="2024-03-10T17:59:04 IST" duration-ms="27017">
    <groups>
    </groups>
    <test started-at="2024-03-10T17:58:37 IST" name="TestNg Framework" finished-at="2024-03-10T17:59:04 IST" duration-ms="27017">
      <class name="com.testNg.testcases.SearchTest">
        <test-method is-config="true" signature="setUp()[pri:0, instance:com.testNg.testcases.SearchTest@3911c2a7]" started-at="2024-03-10T17:58:58 IST" name="setUp" finished-at="2024-03-10T17:58:59 IST" duration-ms="1169" status="PASS">
          <reporter-output>
          </reporter-output>
        </test-method> <!-- setUp -->
        <test-method signature="verifySearchWithValidProduct()[pri:1, instance:com.testNg.testcases.SearchTest@3911c2a7]" started-at="2024-03-10T17:58:59 IST" name="verifySearchWithValidProduct" finished-at="2024-03-10T17:59:00 IST" duration-ms="690" status="PASS">
          <reporter-output>
          </reporter-output>
        </test-method> <!-- verifySearchWithValidProduct -->
        <test-method is-config="true" signature="tearDown()[pri:0, instance:com.testNg.testcases.SearchTest@3911c2a7]" started-at="2024-03-10T17:59:00 IST" name="tearDown" finished-at="2024-03-10T17:59:00 IST" duration-ms="85" status="PASS">
          <reporter-output>
          </reporter-output>
        </test-method> <!-- tearDown -->
        <test-method is-config="true" signature="setUp()[pri:0, instance:com.testNg.testcases.SearchTest@3911c2a7]" started-at="2024-03-10T17:59:00 IST" name="setUp" finished-at="2024-03-10T17:59:02 IST" duration-ms="1504" status="PASS">
          <reporter-output>
          </reporter-output>
        </test-method> <!-- setUp -->
        <test-method signature="verifySearchWithInvalidProduct()[pri:2, instance:com.testNg.testcases.SearchTest@3911c2a7]" started-at="2024-03-10T17:59:02 IST" name="verifySearchWithInvalidProduct" finished-at="2024-03-10T17:59:02 IST" duration-ms="311" status="PASS">
          <reporter-output>
          </reporter-output>
        </test-method> <!-- verifySearchWithInvalidProduct -->
        <test-method is-config="true" signature="tearDown()[pri:0, instance:com.testNg.testcases.SearchTest@3911c2a7]" started-at="2024-03-10T17:59:02 IST" name="tearDown" finished-at="2024-03-10T17:59:02 IST" duration-ms="81" status="PASS">
          <reporter-output>
          </reporter-output>
        </test-method> <!-- tearDown -->
        <test-method is-config="true" signature="setUp()[pri:0, instance:com.testNg.testcases.SearchTest@3911c2a7]" started-at="2024-03-10T17:59:02 IST" name="setUp" finished-at="2024-03-10T17:59:04 IST" duration-ms="1507" status="PASS">
          <reporter-output>
          </reporter-output>
        </test-method> <!-- setUp -->
        <test-method signature="verifySearchWithoutAnyProduct()[pri:3, instance:com.testNg.testcases.SearchTest@3911c2a7]" started-at="2024-03-10T17:59:04 IST" name="verifySearchWithoutAnyProduct" finished-at="2024-03-10T17:59:04 IST" duration-ms="271" status="PASS">
          <reporter-output>
          </reporter-output>
        </test-method> <!-- verifySearchWithoutAnyProduct -->
        <test-method is-config="true" signature="tearDown()[pri:0, instance:com.testNg.testcases.SearchTest@3911c2a7]" started-at="2024-03-10T17:59:04 IST" name="tearDown" finished-at="2024-03-10T17:59:04 IST" duration-ms="82" status="PASS">
          <reporter-output>
          </reporter-output>
        </test-method> <!-- tearDown -->
      </class> <!-- com.testNg.testcases.SearchTest -->
      <class name="com.testNg.testcases.RegisterTest">
        <test-method is-config="true" signature="setUp()[pri:0, instance:com.testNg.testcases.RegisterTest@49d904ec]" started-at="2024-03-10T17:58:37 IST" name="setUp" finished-at="2024-03-10T17:58:40 IST" duration-ms="2702" status="PASS">
          <reporter-output>
          </reporter-output>
        </test-method> <!-- setUp -->
        <test-method signature="verifyRegisteringAccountWithMandatoryFeilds()[pri:1, instance:com.testNg.testcases.RegisterTest@49d904ec]" started-at="2024-03-10T17:58:40 IST" name="verifyRegisteringAccountWithMandatoryFeilds" finished-at="2024-03-10T17:58:40 IST" duration-ms="789" status="PASS">
          <reporter-output>
          </reporter-output>
        </test-method> <!-- verifyRegisteringAccountWithMandatoryFeilds -->
        <test-method is-config="true" signature="tearDown()[pri:0, instance:com.testNg.testcases.RegisterTest@49d904ec]" started-at="2024-03-10T17:58:40 IST" name="tearDown" finished-at="2024-03-10T17:58:40 IST" duration-ms="90" status="PASS">
          <reporter-output>
          </reporter-output>
        </test-method> <!-- tearDown -->
        <test-method is-config="true" signature="setUp()[pri:0, instance:com.testNg.testcases.RegisterTest@49d904ec]" started-at="2024-03-10T17:58:40 IST" name="setUp" finished-at="2024-03-10T17:58:42 IST" duration-ms="1868" status="PASS">
          <reporter-output>
          </reporter-output>
        </test-method> <!-- setUp -->
        <test-method signature="verifyRegisteringAccountWithoutFillingAnyDetails()[pri:2, instance:com.testNg.testcases.RegisterTest@49d904ec]" started-at="2024-03-10T17:58:42 IST" name="verifyRegisteringAccountWithoutFillingAnyDetails" finished-at="2024-03-10T17:58:43 IST" duration-ms="338" status="PASS">
          <reporter-output>
          </reporter-output>
        </test-method> <!-- verifyRegisteringAccountWithoutFillingAnyDetails -->
        <test-method is-config="true" signature="tearDown()[pri:0, instance:com.testNg.testcases.RegisterTest@49d904ec]" started-at="2024-03-10T17:58:43 IST" name="tearDown" finished-at="2024-03-10T17:58:43 IST" duration-ms="85" status="PASS">
          <reporter-output>
          </reporter-output>
        </test-method> <!-- tearDown -->
      </class> <!-- com.testNg.testcases.RegisterTest -->
      <class name="com.testNg.testcases.LoginTest">
        <test-method is-config="true" signature="setUp()[pri:0, instance:com.testNg.testcases.LoginTest@1725dc0f]" started-at="2024-03-10T17:58:43 IST" name="setUp" finished-at="2024-03-10T17:58:45 IST" duration-ms="1737" status="PASS">
          <reporter-output>
          </reporter-output>
        </test-method> <!-- setUp -->
        <test-method signature="verifyLoginWithValidCredentials(java.lang.String,java.lang.String)[pri:1, instance:com.testNg.testcases.LoginTest@1725dc0f]" started-at="2024-03-10T17:58:45 IST" name="verifyLoginWithValidCredentials" data-provider="validCredentialsSupplier" finished-at="2024-03-10T17:58:45 IST" duration-ms="697" status="PASS">
          <params>
            <param index="0">
              <value>
                <![CDATA[prathamkumar1985@gmail.com]]>
              </value>
            </param>
            <param index="1">
              <value>
                <![CDATA[Saitama@143]]>
              </value>
            </param>
          </params>
          <reporter-output>
          </reporter-output>
        </test-method> <!-- verifyLoginWithValidCredentials -->
        <test-method is-config="true" signature="tearDown()[pri:0, instance:com.testNg.testcases.LoginTest@1725dc0f]" started-at="2024-03-10T17:58:45 IST" name="tearDown" finished-at="2024-03-10T17:58:46 IST" duration-ms="80" status="PASS">
          <reporter-output>
          </reporter-output>
        </test-method> <!-- tearDown -->
        <test-method is-config="true" signature="setUp()[pri:0, instance:com.testNg.testcases.LoginTest@1725dc0f]" started-at="2024-03-10T17:58:46 IST" name="setUp" finished-at="2024-03-10T17:58:48 IST" duration-ms="2074" status="PASS">
          <reporter-output>
          </reporter-output>
        </test-method> <!-- setUp -->
        <test-method signature="verifyLoginWithValidCredentials(java.lang.String,java.lang.String)[pri:1, instance:com.testNg.testcases.LoginTest@1725dc0f]" started-at="2024-03-10T17:58:48 IST" name="verifyLoginWithValidCredentials" data-provider="validCredentialsSupplier" finished-at="2024-03-10T17:58:48 IST" duration-ms="639" status="PASS">
          <params>
            <param index="0">
              <value>
                <![CDATA[prathamkumar1985@gmail.com]]>
              </value>
            </param>
            <param index="1">
              <value>
                <![CDATA[Saitama@143]]>
              </value>
            </param>
          </params>
          <reporter-output>
          </reporter-output>
        </test-method> <!-- verifyLoginWithValidCredentials -->
        <test-method is-config="true" signature="tearDown()[pri:0, instance:com.testNg.testcases.LoginTest@1725dc0f]" started-at="2024-03-10T17:58:48 IST" name="tearDown" finished-at="2024-03-10T17:58:48 IST" duration-ms="82" status="PASS">
          <reporter-output>
          </reporter-output>
        </test-method> <!-- tearDown -->
        <test-method is-config="true" signature="setUp()[pri:0, instance:com.testNg.testcases.LoginTest@1725dc0f]" started-at="2024-03-10T17:58:48 IST" name="setUp" finished-at="2024-03-10T17:58:50 IST" duration-ms="1728" status="PASS">
          <reporter-output>
          </reporter-output>
        </test-method> <!-- setUp -->
        <test-method signature="verifyLoginWithValidCredentials(java.lang.String,java.lang.String)[pri:1, instance:com.testNg.testcases.LoginTest@1725dc0f]" started-at="2024-03-10T17:58:50 IST" name="verifyLoginWithValidCredentials" data-provider="validCredentialsSupplier" finished-at="2024-03-10T17:58:51 IST" duration-ms="650" status="PASS">
          <params>
            <param index="0">
              <value>
                <![CDATA[prathamkumar1985@gmail.com]]>
              </value>
            </param>
            <param index="1">
              <value>
                <![CDATA[Saitama@143]]>
              </value>
            </param>
          </params>
          <reporter-output>
          </reporter-output>
        </test-method> <!-- verifyLoginWithValidCredentials -->
        <test-method is-config="true" signature="tearDown()[pri:0, instance:com.testNg.testcases.LoginTest@1725dc0f]" started-at="2024-03-10T17:58:51 IST" name="tearDown" finished-at="2024-03-10T17:58:51 IST" duration-ms="82" status="PASS">
          <reporter-output>
          </reporter-output>
        </test-method> <!-- tearDown -->
        <test-method is-config="true" signature="setUp()[pri:0, instance:com.testNg.testcases.LoginTest@1725dc0f]" started-at="2024-03-10T17:58:51 IST" name="setUp" finished-at="2024-03-10T17:58:53 IST" duration-ms="1741" status="PASS">
          <reporter-output>
          </reporter-output>
        </test-method> <!-- setUp -->
        <test-method signature="verifyLoginWithValidCredentials(java.lang.String,java.lang.String)[pri:1, instance:com.testNg.testcases.LoginTest@1725dc0f]" started-at="2024-03-10T17:58:53 IST" name="verifyLoginWithValidCredentials" data-provider="validCredentialsSupplier" finished-at="2024-03-10T17:58:53 IST" duration-ms="684" status="PASS">
          <params>
            <param index="0">
              <value>
                <![CDATA[prathamkumar1985@gmail.com]]>
              </value>
            </param>
            <param index="1">
              <value>
                <![CDATA[Saitama@143]]>
              </value>
            </param>
          </params>
          <reporter-output>
          </reporter-output>
        </test-method> <!-- verifyLoginWithValidCredentials -->
        <test-method is-config="true" signature="tearDown()[pri:0, instance:com.testNg.testcases.LoginTest@1725dc0f]" started-at="2024-03-10T17:58:53 IST" name="tearDown" finished-at="2024-03-10T17:58:53 IST" duration-ms="85" status="PASS">
          <reporter-output>
          </reporter-output>
        </test-method> <!-- tearDown -->
        <test-method is-config="true" signature="setUp()[pri:0, instance:com.testNg.testcases.LoginTest@1725dc0f]" started-at="2024-03-10T17:58:53 IST" name="setUp" finished-at="2024-03-10T17:58:55 IST" duration-ms="1657" status="PASS">
          <reporter-output>
          </reporter-output>
        </test-method> <!-- setUp -->
        <test-method signature="verifyLoginWithInValidCredentials(java.lang.String,java.lang.String)[pri:2, instance:com.testNg.testcases.LoginTest@1725dc0f]" started-at="2024-03-10T17:58:55 IST" name="verifyLoginWithInValidCredentials" data-provider="supplyFakeTestData" finished-at="2024-03-10T17:58:55 IST" duration-ms="442" status="PASS">
          <params>
            <param index="0">
              <value>
                <![CDATA[pratham@gmail.com]]>
              </value>
            </param>
            <param index="1">
              <value>
                <![CDATA[1234543]]>
              </value>
            </param>
          </params>
          <reporter-output>
          </reporter-output>
        </test-method> <!-- verifyLoginWithInValidCredentials -->
        <test-method is-config="true" signature="tearDown()[pri:0, instance:com.testNg.testcases.LoginTest@1725dc0f]" started-at="2024-03-10T17:58:55 IST" name="tearDown" finished-at="2024-03-10T17:58:56 IST" duration-ms="104" status="PASS">
          <reporter-output>
          </reporter-output>
        </test-method> <!-- tearDown -->
        <test-method is-config="true" signature="setUp()[pri:0, instance:com.testNg.testcases.LoginTest@1725dc0f]" started-at="2024-03-10T17:58:56 IST" name="setUp" finished-at="2024-03-10T17:58:58 IST" duration-ms="2021" status="PASS">
          <reporter-output>
          </reporter-output>
        </test-method> <!-- setUp -->
        <test-method signature="verifyLoginWithInValidCredentials(java.lang.String,java.lang.String)[pri:2, instance:com.testNg.testcases.LoginTest@1725dc0f]" started-at="2024-03-10T17:58:58 IST" name="verifyLoginWithInValidCredentials" data-provider="supplyFakeTestData" finished-at="2024-03-10T17:58:58 IST" duration-ms="579" status="PASS">
          <params>
            <param index="0">
              <value>
                <![CDATA[pratham@gmail.com]]>
              </value>
            </param>
            <param index="1">
              <value>
                <![CDATA[1234534]]>
              </value>
            </param>
          </params>
          <reporter-output>
          </reporter-output>
        </test-method> <!-- verifyLoginWithInValidCredentials -->
        <test-method is-config="true" signature="tearDown()[pri:0, instance:com.testNg.testcases.LoginTest@1725dc0f]" started-at="2024-03-10T17:58:58 IST" name="tearDown" finished-at="2024-03-10T17:58:58 IST" duration-ms="85" status="PASS">
          <reporter-output>
          </reporter-output>
        </test-method> <!-- tearDown -->
      </class> <!-- com.testNg.testcases.LoginTest -->
    </test> <!-- TestNg Framework -->
  </suite> <!-- Hybrid TestNGFramework -->
</testng-results>
