<?xml version="1.0" encoding="UTF-8"?>
<testng-results ignored="0" total="2" passed="2" failed="0" skipped="0">
  <reporter-output>
  </reporter-output>
  <suite started-at="2024-03-10T23:19:17 IST" name="Default suite" finished-at="2024-03-10T23:19:22 IST" duration-ms="5733">
    <groups>
    </groups>
    <test started-at="2024-03-10T23:19:17 IST" name="Default test" finished-at="2024-03-10T23:19:22 IST" duration-ms="5733">
      <class name="com.test.testcases.RegisterTest">
        <test-method is-config="true" signature="setUp()[pri:0, instance:com.test.testcases.RegisterTest@1c93084c]" started-at="2024-03-10T23:19:17 IST" name="setUp" finished-at="2024-03-10T23:19:19 IST" duration-ms="2634" status="PASS">
          <reporter-output>
          </reporter-output>
        </test-method> <!-- setUp -->
        <test-method signature="verifyRegisteringAccountWithMandatoryFeilds()[pri:1, instance:com.test.testcases.RegisterTest@1c93084c]" started-at="2024-03-10T23:19:19 IST" name="verifyRegisteringAccountWithMandatoryFeilds" finished-at="2024-03-10T23:19:20 IST" duration-ms="873" status="PASS">
          <reporter-output>
          </reporter-output>
        </test-method> <!-- verifyRegisteringAccountWithMandatoryFeilds -->
        <test-method is-config="true" signature="tearDown()[pri:0, instance:com.test.testcases.RegisterTest@1c93084c]" started-at="2024-03-10T23:19:20 IST" name="tearDown" finished-at="2024-03-10T23:19:20 IST" duration-ms="88" status="PASS">
          <reporter-output>
          </reporter-output>
        </test-method> <!-- tearDown -->
        <test-method is-config="true" signature="setUp()[pri:0, instance:com.test.testcases.RegisterTest@1c93084c]" started-at="2024-03-10T23:19:20 IST" name="setUp" finished-at="2024-03-10T23:19:22 IST" duration-ms="1772" status="PASS">
          <reporter-output>
          </reporter-output>
        </test-method> <!-- setUp -->
        <test-method signature="verifyRegisteringAccountWithoutFillingAnyDetails()[pri:2, instance:com.test.testcases.RegisterTest@1c93084c]" started-at="2024-03-10T23:19:22 IST" name="verifyRegisteringAccountWithoutFillingAnyDetails" finished-at="2024-03-10T23:19:22 IST" duration-ms="267" status="PASS">
          <reporter-output>
          </reporter-output>
        </test-method> <!-- verifyRegisteringAccountWithoutFillingAnyDetails -->
        <test-method is-config="true" signature="tearDown()[pri:0, instance:com.test.testcases.RegisterTest@1c93084c]" started-at="2024-03-10T23:19:22 IST" name="tearDown" finished-at="2024-03-10T23:19:22 IST" duration-ms="85" status="PASS">
          <reporter-output>
          </reporter-output>
        </test-method> <!-- tearDown -->
      </class> <!-- com.test.testcases.RegisterTest -->
    </test> <!-- Default test -->
  </suite> <!-- Default suite -->
</testng-results>
